Using pre-set license
Built from '2020.3/staging' branch; Version is '2020.3.8f1 (507919d4fff5) revision 5273881'; Using compiler version '192528614'; Build Type 'Release'
OS: 'Windows 10 Education; OS build 18363.1556; Version 1909; 64bit' Language: 'en' Physical Memory: 16333 MB
BatchMode: 1, IsHumanControllingUs: 0, StartBugReporterOnCrash: 0, Is64bit: 1, IsPro: 0

 COMMAND LINE ARGUMENTS:
D:\Program Files\Unity\2020.3.8f1\Editor\Unity.exe
-adb2
-batchMode
-noUpm
-name
AssetImportWorker0
-projectPath
D:/Users/Buddahood/golf_prototype_skill
-logFile
Logs/AssetImportWorker0.log
-srvPort
55173
Successfully changed project path to: D:/Users/Buddahood/golf_prototype_skill
D:/Users/Buddahood/golf_prototype_skill
Using Asset Import Pipeline V2.
Refreshing native plugins compatible for Editor in 19.62 ms, found 0 plugins.
Preloading 0 native plugins for Editor in 0.00 ms.
Initialize engine version: 2020.3.8f1 (507919d4fff5)
[Subsystems] Discovering subsystems at path D:/Program Files/Unity/2020.3.8f1/Editor/Data/Resources/UnitySubsystems
[Subsystems] Discovering subsystems at path D:/Users/Buddahood/golf_prototype_skill/Assets
GfxDevice: creating device client; threaded=0
Direct3D:
    Version:  Direct3D 11.0 [level 11.1]
    Renderer: NVIDIA GeForce RTX 2060 SUPER (ID=0x1f06)
    Vendor:   
    VRAM:     8031 MB
    Driver:   27.21.14.6089
Initialize mono
Mono path[0] = 'D:/Program Files/Unity/2020.3.8f1/Editor/Data/Managed'
Mono path[1] = 'D:/Program Files/Unity/2020.3.8f1/Editor/Data/MonoBleedingEdge/lib/mono/unityjit'
Mono config path = 'D:/Program Files/Unity/2020.3.8f1/Editor/Data/MonoBleedingEdge/etc'
Using monoOptions --debugger-agent=transport=dt_socket,embedding=1,server=y,suspend=n,address=127.0.0.1:56020
Begin MonoManager ReloadAssembly
Registering precompiled unity dll's ...
Register platform support module: D:/Program Files/Unity/2020.3.8f1/Editor/Data/PlaybackEngines/WindowsStandaloneSupport/UnityEditor.WindowsStandalone.Extensions.dll
Registered in 0.000958 seconds.
Native extension for WindowsStandalone target not found
Refreshing native plugins compatible for Editor in 20.04 ms, found 0 plugins.
Preloading 0 native plugins for Editor in 0.00 ms.
Mono: successfully reloaded assembly
- Completed reload, in  0.965 seconds
Platform modules already initialized, skipping
Registering precompiled user dll's ...
Registered in 0.000517 seconds.
Begin MonoManager ReloadAssembly
Native extension for WindowsStandalone target not found
Refreshing native plugins compatible for Editor in 0.20 ms, found 0 plugins.
Preloading 0 native plugins for Editor in 0.00 ms.
Mono: successfully reloaded assembly
- Completed reload, in  0.784 seconds
Platform modules already initialized, skipping
========================================================================
Worker process is ready to serve import requests
Launched and connected shader compiler UnityShaderCompiler.exe after 0.25 seconds
Refreshing native plugins compatible for Editor in 0.33 ms, found 0 plugins.
Preloading 0 native plugins for Editor in 0.00 ms.
Unloading 1115 Unused Serialized files (Serialized files now loaded: 0)
System memory in use before: 57.1 MB.
System memory in use after: 57.1 MB.

Unloading 10 unused Assets to reduce memory usage. Loaded Objects now: 1557.
Total: 1.570700 ms (FindLiveObjects: 0.109500 ms CreateObjectMapping: 0.022900 ms MarkObjects: 1.374000 ms  DeleteObjects: 0.063300 ms)

========================================================================
Received Import Request.
  path: Assets/testing.txt
  artifactKey: Guid(0398717314b70d04bbcfcd18743b2463) Importer(815301076,1909f56bfc062723c751e8b465ee728b)
Start importing Assets/testing.txt using Guid(0398717314b70d04bbcfcd18743b2463) Importer(815301076,1909f56bfc062723c751e8b465ee728b)  -> (artifact id: '165a5552f2cfc59fa65f40ad6bf0c271') in 0.030529 seconds
  Import took 0.039881 seconds .

AssetImportWorkerClient::OnTransportError - code=2 error=End of file
